{"C:\\Users\\Myapnaz\\Desktop\\Merve\\BootCamp\\Test\\bootcamp-week-5-testing\\src\\functions.js": {"path":"C:\\Users\\Myapnaz\\Desktop\\Merve\\BootCamp\\Test\\bootcamp-week-5-testing\\src\\functions.js","statementMap":{"0":{"start":{"line":1,"column":14},"end":{"line":1,"column":30}},"1":{"start":{"line":3,"column":18},"end":{"line":27,"column":1}},"2":{"start":{"line":6,"column":8},"end":{"line":8,"column":9}},"3":{"start":{"line":7,"column":12},"end":{"line":7,"column":48}},"4":{"start":{"line":10,"column":8},"end":{"line":12,"column":9}},"5":{"start":{"line":11,"column":12},"end":{"line":11,"column":47}},"6":{"start":{"line":14,"column":23},"end":{"line":14,"column":34}},"7":{"start":{"line":16,"column":8},"end":{"line":16,"column":22}},"8":{"start":{"line":19,"column":25},"end":{"line":19,"column":55}},"9":{"start":{"line":21,"column":8},"end":{"line":23,"column":9}},"10":{"start":{"line":21,"column":21},"end":{"line":21,"column":22}},"11":{"start":{"line":22,"column":9},"end":{"line":22,"column":92}},"12":{"start":{"line":25,"column":8},"end":{"line":25,"column":36}},"13":{"start":{"line":29,"column":2},"end":{"line":29,"column":29}}},"fnMap":{"0":{"name":"(anonymous_0)","decl":{"start":{"line":4,"column":4},"end":{"line":4,"column":5}},"loc":{"start":{"line":4,"column":23},"end":{"line":17,"column":5}},"line":4},"1":{"name":"(anonymous_1)","decl":{"start":{"line":18,"column":4},"end":{"line":18,"column":5}},"loc":{"start":{"line":18,"column":23},"end":{"line":26,"column":5}},"line":18}},"branchMap":{"0":{"loc":{"start":{"line":6,"column":8},"end":{"line":8,"column":9}},"type":"if","locations":[{"start":{"line":6,"column":8},"end":{"line":8,"column":9}},{"start":{"line":6,"column":8},"end":{"line":8,"column":9}}],"line":6},"1":{"loc":{"start":{"line":6,"column":11},"end":{"line":6,"column":37}},"type":"binary-expr","locations":[{"start":{"line":6,"column":11},"end":{"line":6,"column":22}},{"start":{"line":6,"column":26},"end":{"line":6,"column":37}}],"line":6},"2":{"loc":{"start":{"line":10,"column":8},"end":{"line":12,"column":9}},"type":"if","locations":[{"start":{"line":10,"column":8},"end":{"line":12,"column":9}},{"start":{"line":10,"column":8},"end":{"line":12,"column":9}}],"line":10}},"s":{"0":1,"1":1,"2":4,"3":2,"4":2,"5":1,"6":1,"7":1,"8":2,"9":2,"10":2,"11":2,"12":2,"13":1},"f":{"0":4,"1":2},"b":{"0":[2,2],"1":[4,3],"2":[1,1]},"_coverageSchema":"1a1c01bbd47fc00a2c39e90264f33305004495a9","hash":"92da481520dd66da91306643aba974c5ff76f677"}
,"C:\\Users\\Myapnaz\\Desktop\\Merve\\BootCamp\\Test\\bootcamp-week-5-testing\\src\\services\\post-provider.js": {"path":"C:\\Users\\Myapnaz\\Desktop\\Merve\\BootCamp\\Test\\bootcamp-week-5-testing\\src\\services\\post-provider.js","statementMap":{"0":{"start":{"line":7,"column":4},"end":{"line":14,"column":5}},"1":{"start":{"line":8,"column":21},"end":{"line":10,"column":7}},"2":{"start":{"line":11,"column":6},"end":{"line":11,"column":25}},"3":{"start":{"line":13,"column":6},"end":{"line":13,"column":17}}},"fnMap":{"0":{"name":"(anonymous_0)","decl":{"start":{"line":4,"column":2},"end":{"line":4,"column":3}},"loc":{"start":{"line":4,"column":16},"end":{"line":4,"column":18}},"line":4},"1":{"name":"(anonymous_1)","decl":{"start":{"line":6,"column":2},"end":{"line":6,"column":3}},"loc":{"start":{"line":6,"column":19},"end":{"line":15,"column":3}},"line":6}},"branchMap":{},"s":{"0":2,"1":2,"2":1,"3":1},"f":{"0":2,"1":2},"b":{},"_coverageSchema":"1a1c01bbd47fc00a2c39e90264f33305004495a9","hash":"19d5c8726ca589dd3467f1dd60f29a39bb681c1f"}
,"C:\\Users\\Myapnaz\\Desktop\\Merve\\BootCamp\\Test\\bootcamp-week-5-testing\\src\\services\\post-service.js": {"path":"C:\\Users\\Myapnaz\\Desktop\\Merve\\BootCamp\\Test\\bootcamp-week-5-testing\\src\\services\\post-service.js","statementMap":{"0":{"start":{"line":3,"column":6},"end":{"line":3,"column":39}},"1":{"start":{"line":7,"column":20},"end":{"line":7,"column":54}},"2":{"start":{"line":8,"column":32},"end":{"line":8,"column":34}},"3":{"start":{"line":10,"column":6},"end":{"line":16,"column":9}},"4":{"start":{"line":11,"column":8},"end":{"line":15,"column":9}},"5":{"start":{"line":12,"column":10},"end":{"line":12,"column":44}},"6":{"start":{"line":14,"column":10},"end":{"line":14,"column":46}},"7":{"start":{"line":18,"column":33},"end":{"line":18,"column":34}},"8":{"start":{"line":21,"column":6},"end":{"line":26,"column":7}},"9":{"start":{"line":22,"column":8},"end":{"line":25,"column":9}},"10":{"start":{"line":23,"column":10},"end":{"line":23,"column":63}},"11":{"start":{"line":24,"column":10},"end":{"line":24,"column":38}},"12":{"start":{"line":28,"column":39},"end":{"line":34,"column":8}},"13":{"start":{"line":29,"column":10},"end":{"line":31,"column":11}},"14":{"start":{"line":30,"column":14},"end":{"line":30,"column":31}},"15":{"start":{"line":33,"column":12},"end":{"line":33,"column":29}},"16":{"start":{"line":36,"column":6},"end":{"line":36,"column":40}}},"fnMap":{"0":{"name":"(anonymous_0)","decl":{"start":{"line":2,"column":4},"end":{"line":2,"column":5}},"loc":{"start":{"line":2,"column":30},"end":{"line":4,"column":5}},"line":2},"1":{"name":"(anonymous_1)","decl":{"start":{"line":6,"column":4},"end":{"line":6,"column":5}},"loc":{"start":{"line":6,"column":45},"end":{"line":37,"column":5}},"line":6},"2":{"name":"(anonymous_2)","decl":{"start":{"line":10,"column":20},"end":{"line":10,"column":21}},"loc":{"start":{"line":10,"column":35},"end":{"line":16,"column":7}},"line":10},"3":{"name":"(anonymous_3)","decl":{"start":{"line":28,"column":52},"end":{"line":28,"column":53}},"loc":{"start":{"line":28,"column":62},"end":{"line":32,"column":7}},"line":28},"4":{"name":"(anonymous_4)","decl":{"start":{"line":32,"column":13},"end":{"line":32,"column":14}},"loc":{"start":{"line":32,"column":23},"end":{"line":34,"column":7}},"line":32}},"branchMap":{"0":{"loc":{"start":{"line":11,"column":8},"end":{"line":15,"column":9}},"type":"if","locations":[{"start":{"line":11,"column":8},"end":{"line":15,"column":9}},{"start":{"line":11,"column":8},"end":{"line":15,"column":9}}],"line":11},"1":{"loc":{"start":{"line":22,"column":8},"end":{"line":25,"column":9}},"type":"if","locations":[{"start":{"line":22,"column":8},"end":{"line":25,"column":9}},{"start":{"line":22,"column":8},"end":{"line":25,"column":9}}],"line":22},"2":{"loc":{"start":{"line":29,"column":10},"end":{"line":31,"column":11}},"type":"if","locations":[{"start":{"line":29,"column":10},"end":{"line":31,"column":11}},{"start":{"line":29,"column":10},"end":{"line":31,"column":11}}],"line":29}},"s":{"0":1,"1":2,"2":2,"3":2,"4":3,"5":1,"6":2,"7":2,"8":2,"9":2,"10":1,"11":1,"12":2,"13":3,"14":2,"15":2,"16":2},"f":{"0":1,"1":2,"2":3,"3":3,"4":2},"b":{"0":[1,2],"1":[1,1],"2":[2,1]},"_coverageSchema":"1a1c01bbd47fc00a2c39e90264f33305004495a9","hash":"0951b3ec6f4f7bf87269f93ed459e5be3b54e013"}
}
