TN:
SF:src\functions.js
FN:4,(anonymous_0)
FN:18,(anonymous_1)
FNF:2
FNH:2
FNDA:4,(anonymous_0)
FNDA:2,(anonymous_1)
DA:1,1
DA:3,1
DA:6,4
DA:7,2
DA:10,2
DA:11,1
DA:14,1
DA:16,1
DA:19,2
DA:21,2
DA:22,2
DA:25,2
DA:29,1
LF:13
LH:13
BRDA:6,0,0,2
BRDA:6,0,1,2
BRDA:6,1,0,4
BRDA:6,1,1,3
BRDA:10,2,0,1
BRDA:10,2,1,1
BRF:6
BRH:6
end_of_record
TN:
SF:src\services\post-provider.js
FN:4,(anonymous_0)
FN:6,(anonymous_1)
FNF:2
FNH:2
FNDA:2,(anonymous_0)
FNDA:2,(anonymous_1)
DA:7,2
DA:8,2
DA:11,1
DA:13,1
LF:4
LH:4
BRF:0
BRH:0
end_of_record
TN:
SF:src\services\post-service.js
FN:2,(anonymous_0)
FN:6,(anonymous_1)
FN:10,(anonymous_2)
FN:28,(anonymous_3)
FN:32,(anonymous_4)
FNF:5
FNH:5
FNDA:1,(anonymous_0)
FNDA:2,(anonymous_1)
FNDA:3,(anonymous_2)
FNDA:3,(anonymous_3)
FNDA:2,(anonymous_4)
DA:3,1
DA:7,2
DA:8,2
DA:10,2
DA:11,3
DA:12,1
DA:14,2
DA:18,2
DA:21,2
DA:22,2
DA:23,1
DA:24,1
DA:28,2
DA:29,3
DA:30,2
DA:33,2
DA:36,2
LF:17
LH:17
BRDA:11,0,0,1
BRDA:11,0,1,2
BRDA:22,1,0,1
BRDA:22,1,1,1
BRDA:29,2,0,2
BRDA:29,2,1,1
BRF:6
BRH:6
end_of_record
